<?xml version="1.0" encoding="UTF-8"?>
<!-- Generated by org.testng.reporters.JUnitXMLReporter -->
<testsuite ignored="0" hostname="WKSBAN36ARYTR24" failures="0" tests="2" name="Default test" time="24.267" errors="0" timestamp="2026-04-01T10:29:20 IST">
  <testcase classname="io.cucumber.testng.AbstractTestNGCucumberTests" name="runScenario" time="12.754"/>
  <testcase classname="io.cucumber.testng.AbstractTestNGCucumberTests" name="runScenario" time="10.881"/>
</testsuite> <!-- Default test -->
