<?xml version="1.0" encoding="UTF-8"?>
<testng-results ignored="0" total="2" passed="2" failed="0" skipped="0">
  <reporter-output>
  </reporter-output>
  <suite started-at="2026-04-01T10:28:56 IST" name="Default suite" finished-at="2026-04-01T10:29:20 IST" duration-ms="24267">
    <groups>
      <group name="cucumber">
        <method signature="AbstractTestNGCucumberTests.runScenario(io.cucumber.testng.PickleWrapper,io.cucumber.testng.FeatureWrapper)[pri:0, instance:com.training.runner.TestRunner@fa4c865]" name="runScenario" class="io.cucumber.testng.AbstractTestNGCucumberTests"/>
      </group> <!-- cucumber -->
    </groups>
    <test started-at="2026-04-01T10:28:56 IST" name="Default test" finished-at="2026-04-01T10:29:20 IST" duration-ms="24267">
      <class name="com.training.runner.TestRunner">
        <test-method is-config="true" signature="setUpClass(org.testng.ITestContext)[pri:0, instance:com.training.runner.TestRunner@fa4c865]" started-at="2026-04-01T10:28:56 IST" name="setUpClass" finished-at="2026-04-01T10:28:56 IST" duration-ms="525" status="PASS">
          <params>
            <param index="0">
              <value>
                <![CDATA[org.testng.TestRunner@3408f695]]>
              </value>
            </param>
          </params>
          <reporter-output>
          </reporter-output>
        </test-method> <!-- setUpClass -->
        <test-method signature="runScenario(io.cucumber.testng.PickleWrapper,io.cucumber.testng.FeatureWrapper)[pri:0, instance:com.training.runner.TestRunner@fa4c865]" started-at="2026-04-01T10:28:56 IST" name="runScenario" description="Runs Cucumber Scenarios" data-provider="scenarios" finished-at="2026-04-01T10:29:09 IST" duration-ms="12754" status="PASS">
          <params>
            <param index="0">
              <value>
                <![CDATA["Valid login should PASS"]]>
              </value>
            </param>
            <param index="1">
              <value>
                <![CDATA["The Internet App - Login demo"]]>
              </value>
            </param>
          </params>
          <reporter-output>
          </reporter-output>
        </test-method> <!-- runScenario -->
        <test-method signature="runScenario(io.cucumber.testng.PickleWrapper,io.cucumber.testng.FeatureWrapper)[pri:0, instance:com.training.runner.TestRunner@fa4c865]" started-at="2026-04-01T10:29:09 IST" name="runScenario" description="Runs Cucumber Scenarios" data-provider="scenarios" finished-at="2026-04-01T10:29:20 IST" duration-ms="10881" status="PASS">
          <params>
            <param index="0">
              <value>
                <![CDATA["Invalid login should FAIL (intentional for rerun demo)"]]>
              </value>
            </param>
            <param index="1">
              <value>
                <![CDATA["The Internet App - Login demo"]]>
              </value>
            </param>
          </params>
          <reporter-output>
          </reporter-output>
        </test-method> <!-- runScenario -->
        <test-method is-config="true" signature="tearDownClass()[pri:0, instance:com.training.runner.TestRunner@fa4c865]" started-at="2026-04-01T10:29:20 IST" name="tearDownClass" finished-at="2026-04-01T10:29:20 IST" duration-ms="68" status="PASS">
          <reporter-output>
          </reporter-output>
        </test-method> <!-- tearDownClass -->
      </class> <!-- com.training.runner.TestRunner -->
    </test> <!-- Default test -->
  </suite> <!-- Default suite -->
</testng-results>
