<?xml version="1.0" encoding="UTF-8"?>
<!-- Generated by org.testng.reporters.JUnitReportReporter -->
<testsuite hostname="WKSBAN36ARYTR24" failures="0" tests="2" name="com.training.runner.TestRunner" time="22.209" errors="0" timestamp="2026-04-01T10:23:28 IST" skipped="0">
  <testcase classname="com.training.runner.TestRunner" name="runScenario" time="10.545"/>
  <testcase classname="com.training.runner.TestRunner" name="runScenario" time="11.664"/>
</testsuite> <!-- com.training.runner.TestRunner -->
